[debug] [2021-04-25T08:33:39.668Z] ----------------------------------------------------------------------
[debug] [2021-04-25T08:33:39.669Z] Command:       C:\Program Files\nodejs\node.exe C:\Users\paulo\AppData\Roaming\npm\node_modules\firebase-tools\lib\bin\firebase.js emulators:start
[debug] [2021-04-25T08:33:39.670Z] CLI Version:   9.10.0
[debug] [2021-04-25T08:33:39.670Z] Platform:      win32
[debug] [2021-04-25T08:33:39.670Z] Node Version:  v14.16.1
[debug] [2021-04-25T08:33:39.671Z] Time:          Sun Apr 25 2021 10:33:39 GMT+0200 (Central European Summer Time)
[debug] [2021-04-25T08:33:39.671Z] ----------------------------------------------------------------------
[debug] 
[debug] [2021-04-25T08:33:39.677Z] > command requires scopes: ["email","openid","https://www.googleapis.com/auth/cloudplatformprojects.readonly","https://www.googleapis.com/auth/firebase","https://www.googleapis.com/auth/cloud-platform"]
[debug] [2021-04-25T08:33:39.678Z] > authorizing via signed-in user (onedirection.nottheband@gmail.com)
[info] i  emulators: Starting emulators: auth, firestore {"metadata":{"emulator":{"name":"hub"},"message":"Starting emulators: auth, firestore"}}
[debug] [2021-04-25T08:33:39.694Z] [hub] writing locator at C:\Users\paulo\AppData\Local\Temp\hub-direction-93ea7.json
[warn] !  firestore: Did not find a Cloud Firestore rules file specified in a firebase.json config file. {"metadata":{"emulator":{"name":"firestore"},"message":"Did not find a Cloud Firestore rules file specified in a firebase.json config file."}}
[warn] !  firestore: The emulator will default to allowing all reads and writes. Learn more about this option: https://firebase.google.com/docs/emulator-suite/install_and_configure#security_rules_configuration. {"metadata":{"emulator":{"name":"firestore"},"message":"The emulator will default to allowing all reads and writes. Learn more about this option: https://firebase.google.com/docs/emulator-suite/install_and_configure#security_rules_configuration."}}
[debug] [2021-04-25T08:33:39.715Z] Ignoring unsupported arg: projectId {"metadata":{"emulator":{"name":"firestore"},"message":"Ignoring unsupported arg: projectId"}}
[debug] [2021-04-25T08:33:39.715Z] Ignoring unsupported arg: auto_download {"metadata":{"emulator":{"name":"firestore"},"message":"Ignoring unsupported arg: auto_download"}}
[debug] [2021-04-25T08:33:39.715Z] Starting Firestore Emulator with command {"binary":"java","args":["-Dgoogle.cloud_firestore.debug_log_level=FINE","-Duser.language=en","-jar","C:\\Users\\paulo\\.cache\\firebase\\emulators\\cloud-firestore-emulator-v1.11.14.jar","--host","localhost","--port",8080],"optionalArgs":["port","webchannel_port","host","rules","functions_emulator","seed_from_export"],"joinArgs":false} {"metadata":{"emulator":{"name":"firestore"},"message":"Starting Firestore Emulator with command {\"binary\":\"java\",\"args\":[\"-Dgoogle.cloud_firestore.debug_log_level=FINE\",\"-Duser.language=en\",\"-jar\",\"C:\\\\Users\\\\paulo\\\\.cache\\\\firebase\\\\emulators\\\\cloud-firestore-emulator-v1.11.14.jar\",\"--host\",\"localhost\",\"--port\",8080],\"optionalArgs\":[\"port\",\"webchannel_port\",\"host\",\"rules\",\"functions_emulator\",\"seed_from_export\"],\"joinArgs\":false}"}}
[info] i  firestore: Firestore Emulator logging to firestore-debug.log {"metadata":{"emulator":{"name":"firestore"},"message":"Firestore Emulator logging to \u001b[1mfirestore-debug.log\u001b[22m"}}
[debug] [2021-04-25T08:33:41.408Z] Apr 25, 2021 10:33:41 AM com.google.cloud.datastore.emulator.firestore.websocket.WebSocketServer start
INFO: Started WebSocket server on ws://localhost:50249
 {"metadata":{"emulator":{"name":"firestore"},"message":"Apr 25, 2021 10:33:41 AM com.google.cloud.datastore.emulator.firestore.websocket.WebSocketServer start\r\nINFO: Started WebSocket server on ws://localhost:50249\r\n"}}
[debug] [2021-04-25T08:33:41.428Z] API endpoint: http://localhost: {"metadata":{"emulator":{"name":"firestore"},"message":"API endpoint: http://localhost:"}}
[debug] [2021-04-25T08:33:41.428Z] 8080
If you are using a library that supports the FIRESTORE_EMULATOR_HOST environment variable, run:

   export FIRESTORE_EMULATOR_HOST=localhost:8080

Dev App Server is now running.

 {"metadata":{"emulator":{"name":"firestore"},"message":"8080\nIf you are using a library that supports the FIRESTORE_EMULATOR_HOST environment variable, run:\r\n\n   export FIRESTORE_EMULATOR_HOST=localhost:8080\n\nDev App Server is now running.\n\r\n"}}
[info] i  ui: downloading ui-v1.4.2.zip... {"metadata":{"emulator":{"name":"ui"},"message":"downloading ui-v1.4.2.zip..."}}
[debug] [2021-04-25T08:33:43.439Z] >>> [apiv2][query] GET https://storage.googleapis.com/firebase-preview-drop/emulator/ui-v1.4.2.zip 
[debug] [2021-04-25T08:33:43.604Z] <<< [apiv2][status] GET https://storage.googleapis.com/firebase-preview-drop/emulator/ui-v1.4.2.zip 200
[debug] [2021-04-25T08:33:43.604Z] <<< [apiv2][body] GET https://storage.googleapis.com/firebase-preview-drop/emulator/ui-v1.4.2.zip [stream]
[debug] [2021-04-25T08:33:43.941Z] Ignoring unsupported arg: auto_download {"metadata":{"emulator":{"name":"ui"},"message":"Ignoring unsupported arg: auto_download"}}
[debug] [2021-04-25T08:33:43.941Z] Ignoring unsupported arg: port {"metadata":{"emulator":{"name":"ui"},"message":"Ignoring unsupported arg: port"}}
[debug] [2021-04-25T08:33:43.941Z] Starting Emulator UI with command {"binary":"node","args":["C:\\Users\\paulo\\.cache\\firebase\\emulators\\ui-v1.4.2\\server.bundle.js"],"optionalArgs":[],"joinArgs":false} {"metadata":{"emulator":{"name":"ui"},"message":"Starting Emulator UI with command {\"binary\":\"node\",\"args\":[\"C:\\\\Users\\\\paulo\\\\.cache\\\\firebase\\\\emulators\\\\ui-v1.4.2\\\\server.bundle.js\"],\"optionalArgs\":[],\"joinArgs\":false}"}}
[info] i  ui: Emulator UI logging to ui-debug.log {"metadata":{"emulator":{"name":"ui"},"message":"Emulator UI logging to \u001b[1mui-debug.log\u001b[22m"}}
[debug] [2021-04-25T08:33:44.022Z] Web / API server started at http://localhost:4000
 {"metadata":{"emulator":{"name":"ui"},"message":"Web / API server started at http://localhost:4000\n"}}
[info] 
┌─────────────────────────────────────────────────────────────┐
│ ✔  All emulators ready! It is now safe to connect your app. │
│ i  View Emulator UI at http://localhost:4000                │
└─────────────────────────────────────────────────────────────┘

┌────────────────┬────────────────┬─────────────────────────────────┐
│ Emulator       │ Host:Port      │ View in Emulator UI             │
├────────────────┼────────────────┼─────────────────────────────────┤
│ Authentication │ localhost:9099 │ http://localhost:4000/auth      │
├────────────────┼────────────────┼─────────────────────────────────┤
│ Firestore      │ localhost:8080 │ http://localhost:4000/firestore │
└────────────────┴────────────────┴─────────────────────────────────┘
  Emulator Hub running at localhost:4400
  Other reserved ports: 4500

Issues? Report them at https://github.com/firebase/firebase-tools/issues and attach the *-debug.log files.
 
[debug] [2021-04-25T08:35:37.556Z] Apr 25, 2021 10:35:37 AM io.gapi.emulators.netty.HttpVersionRoutingHandler channelRead
INFO: Detected HTTP/2 connection.
 {"metadata":{"emulator":{"name":"firestore"},"message":"Apr 25, 2021 10:35:37 AM io.gapi.emulators.netty.HttpVersionRoutingHandler channelRead\r\nINFO: Detected HTTP/2 connection.\r\n"}}
[debug] [2021-04-25T08:35:38.307Z] Apr 25, 2021 10:35:38 AM io.netty.util.ReferenceCountUtil safeRelease
WARNING: Failed to release a message: UnpooledSlicedByteBuf(freed)
io.netty.util.IllegalReferenceCountException: refCnt: 0, decrement: 1
	at io.netty.util.internal.ReferenceCountUpdater.toLiveRealRefCnt(ReferenceCountUpdater.java:74)
	at io.netty.util.internal.ReferenceCountUpdater.release(ReferenceCountUpdater.java:138)
	at io.netty.buffer.AbstractReferenceCountedByteBuf.release(AbstractReferenceCountedByteBuf.java:100)
	at io.netty.buffer.CompositeByteBuf$Component.free(CompositeByteBuf.java:1941)
	at io.netty.buffer.CompositeByteBuf.deallocate(CompositeByteBuf.java:2246)
	at io.netty.buffer.AbstractReferenceCountedByteBuf.handleRelease(AbstractReferenceCountedByteBuf.java:110)
	at io.netty.buffer.AbstractReferenceCountedByteBuf.release(AbstractReferenceCountedByteBuf.java:100)
	at io.netty.buffer.AbstractDerivedByteBuf.release0(AbstractDerivedByteBuf.java:98)
	at io.netty.buffer.AbstractDerivedByteBuf.release(AbstractDerivedByteBuf.java:94)
	at io.netty.util.ReferenceCountUtil.release(ReferenceCountUtil.java:88)
	at io.netty.util.ReferenceCountUtil.safeRelease(ReferenceCountUtil.java:113)
	at io.netty.channel.ChannelOutboundBuffer.remove(ChannelOutboundBuffer.java:271)
	at io.netty.channel.ChannelOutboundBuffer.removeBytes(ChannelOutboundBuffer.java:352)
	at io.netty.channel.socket.nio.NioSocketChannel.doWrite(NioSocketChannel.java:431)
	at io.netty.channel.AbstractChannel$AbstractUnsafe.flush0(AbstractChannel.java:934)
	at io.netty.channel.nio.AbstractNioChannel$AbstractNioUnsafe.flush0(AbstractNioChannel.java:354)
	at io.netty.channel.AbstractChannel$AbstractUnsafe.flush(AbstractChannel.java:898)
	at io.netty.channel.DefaultChannelPipeline$HeadContext.flush(DefaultChannelPipeline.java:1372)
	at io.netty.channel.AbstractChannelHandlerContext.invokeFlush0(AbstractChannelHandlerContext.java:750)
	at io.netty.channel.AbstractChannelHandlerContext.invokeFlush(AbstractChannelHandlerContext.java:742)
	at io.netty.channel.AbstractChannelHandlerContext.flush(AbstractChannelHandlerContext.java:728)
	at io.netty.handler.codec.http2.Http2ConnectionHandler.flush(Http2ConnectionHandler.java:189)
	at io.netty.channel.AbstractChannelHandlerContext.invokeFlush0(AbstractChannelHandlerContext.java:750)
	at io.netty.channel.AbstractChannelHandlerContext.invokeFlush(AbstractChannelHandlerContext.java:742)
	at io.netty.channel.AbstractChannelHandlerContext.flush(AbstractChannelHandlerContext.java:728)
	at io.netty.channel.DefaultChannelPipeline.flush(DefaultChannelPipeline.java:967)
	at io.netty.channel.AbstractChannel.flush(AbstractChannel.java:242)
	at io.grpc.netty.WriteQueue.flush(WriteQueue.java:147)
	at io.grpc.netty.WriteQueue.access$000(WriteQueue.java:34)
	at io.grpc.netty.WriteQueue$1.run(WriteQueue.java:46)
	at io.netty.util.concurrent.AbstractEventExecutor.safeExecute(AbstractEventExecutor.java:164)
	at io.netty.util.concurrent.SingleThreadEventExecutor.runAllTasks(SingleThreadEventExecutor.java:472)
	at io.netty.channel.nio.NioEventLoop.run(NioEventLoop.java:500)
	at io.netty.util.concurrent.SingleThreadEventExecutor$4.run(SingleThreadEventExecutor.java:989)
	at io.netty.util.internal.ThreadExecutorMap$2.run(ThreadExecutorMap.java:74)
	at io.netty.util.concurrent.FastThreadLocalRunnable.run(FastThreadLocalRunnable.java:30)
	at java.base/java.lang.Thread.run(Thread.java:834)

 {"metadata":{"emulator":{"name":"firestore"},"message":"Apr 25, 2021 10:35:38 AM io.netty.util.ReferenceCountUtil safeRelease\r\nWARNING: Failed to release a message: UnpooledSlicedByteBuf(freed)\r\nio.netty.util.IllegalReferenceCountException: refCnt: 0, decrement: 1\r\n\tat io.netty.util.internal.ReferenceCountUpdater.toLiveRealRefCnt(ReferenceCountUpdater.java:74)\r\n\tat io.netty.util.internal.ReferenceCountUpdater.release(ReferenceCountUpdater.java:138)\r\n\tat io.netty.buffer.AbstractReferenceCountedByteBuf.release(AbstractReferenceCountedByteBuf.java:100)\r\n\tat io.netty.buffer.CompositeByteBuf$Component.free(CompositeByteBuf.java:1941)\r\n\tat io.netty.buffer.CompositeByteBuf.deallocate(CompositeByteBuf.java:2246)\r\n\tat io.netty.buffer.AbstractReferenceCountedByteBuf.handleRelease(AbstractReferenceCountedByteBuf.java:110)\r\n\tat io.netty.buffer.AbstractReferenceCountedByteBuf.release(AbstractReferenceCountedByteBuf.java:100)\r\n\tat io.netty.buffer.AbstractDerivedByteBuf.release0(AbstractDerivedByteBuf.java:98)\r\n\tat io.netty.buffer.AbstractDerivedByteBuf.release(AbstractDerivedByteBuf.java:94)\r\n\tat io.netty.util.ReferenceCountUtil.release(ReferenceCountUtil.java:88)\r\n\tat io.netty.util.ReferenceCountUtil.safeRelease(ReferenceCountUtil.java:113)\r\n\tat io.netty.channel.ChannelOutboundBuffer.remove(ChannelOutboundBuffer.java:271)\r\n\tat io.netty.channel.ChannelOutboundBuffer.removeBytes(ChannelOutboundBuffer.java:352)\r\n\tat io.netty.channel.socket.nio.NioSocketChannel.doWrite(NioSocketChannel.java:431)\r\n\tat io.netty.channel.AbstractChannel$AbstractUnsafe.flush0(AbstractChannel.java:934)\r\n\tat io.netty.channel.nio.AbstractNioChannel$AbstractNioUnsafe.flush0(AbstractNioChannel.java:354)\r\n\tat io.netty.channel.AbstractChannel$AbstractUnsafe.flush(AbstractChannel.java:898)\r\n\tat io.netty.channel.DefaultChannelPipeline$HeadContext.flush(DefaultChannelPipeline.java:1372)\r\n\tat io.netty.channel.AbstractChannelHandlerContext.invokeFlush0(AbstractChannelHandlerContext.java:750)\r\n\tat io.netty.channel.AbstractChannelHandlerContext.invokeFlush(AbstractChannelHandlerContext.java:742)\r\n\tat io.netty.channel.AbstractChannelHandlerContext.flush(AbstractChannelHandlerContext.java:728)\r\n\tat io.netty.handler.codec.http2.Http2ConnectionHandler.flush(Http2ConnectionHandler.java:189)\r\n\tat io.netty.channel.AbstractChannelHandlerContext.invokeFlush0(AbstractChannelHandlerContext.java:750)\r\n\tat io.netty.channel.AbstractChannelHandlerContext.invokeFlush(AbstractChannelHandlerContext.java:742)\r\n\tat io.netty.channel.AbstractChannelHandlerContext.flush(AbstractChannelHandlerContext.java:728)\r\n\tat io.netty.channel.DefaultChannelPipeline.flush(DefaultChannelPipeline.java:967)\r\n\tat io.netty.channel.AbstractChannel.flush(AbstractChannel.java:242)\r\n\tat io.grpc.netty.WriteQueue.flush(WriteQueue.java:147)\r\n\tat io.grpc.netty.WriteQueue.access$000(WriteQueue.java:34)\r\n\tat io.grpc.netty.WriteQueue$1.run(WriteQueue.java:46)\r\n\tat io.netty.util.concurrent.AbstractEventExecutor.safeExecute(AbstractEventExecutor.java:164)\r\n\tat io.netty.util.concurrent.SingleThreadEventExecutor.runAllTasks(SingleThreadEventExecutor.java:472)\r\n\tat io.netty.channel.nio.NioEventLoop.run(NioEventLoop.java:500)\r\n\tat io.netty.util.concurrent.SingleThreadEventExecutor$4.run(SingleThreadEventExecutor.java:989)\r\n\tat io.netty.util.internal.ThreadExecutorMap$2.run(ThreadExecutorMap.java:74)\r\n\tat io.netty.util.concurrent.FastThreadLocalRunnable.run(FastThreadLocalRunnable.java:30)\r\n\tat java.base/java.lang.Thread.run(Thread.java:834)\r\n\r\n"}}
